# JRE version: OpenJDK Runtime Environment (8.0_212-b03) (build 1.8.0_212-8u212-b03-0ubuntu1.18.04.1-b03)
# Java VM: OpenJDK 64-Bit Server VM (25.212-b03 mixed mode linux-amd64 compressed oops)
Heap:
 PSYoungGen      total 186368K, used 151824K [0x00000000d7100000, 0x00000000e5a80000, 0x0000000100000000)
  eden space 173568K, 87% used [0x00000000d7100000,0x00000000e05442e0,0x00000000e1a80000)
  from space 12800K, 0% used [0x00000000e1a80000,0x00000000e1a80000,0x00000000e2700000)
  to   space 16384K, 0% used [0x00000000e4a80000,0x00000000e4a80000,0x00000000e5a80000)
 ParOldGen       total 127488K, used 29682K [0x0000000085200000, 0x000000008ce80000, 0x00000000d7100000)
  object space 127488K, 23% used [0x0000000085200000,0x0000000086efc8e8,0x000000008ce80000)
 Metaspace       used 64853K, capacity 65566K, committed 66136K, reserved 1105920K
  class space    used 8627K, capacity 8810K, committed 8832K, reserved 1048576K
GC Heap History (10 events):
Event: 20.395 GC heap before
{Heap before GC invocations=10 (full 2):
 PSYoungGen      total 107520K, used 98304K [0x00000000d7100000, 0x00000000e1d00000, 0x0000000100000000)
  eden space 98304K, 100% used [0x00000000d7100000,0x00000000dd100000,0x00000000dd100000)
  from space 9216K, 0% used [0x00000000dd100000,0x00000000dd100000,0x00000000dda00000)
  to   space 9728K, 0% used [0x00000000e1380000,0x00000000e1380000,0x00000000e1d00000)
 ParOldGen       total 82944K, used 13158K [0x0000000085200000, 0x000000008a300000, 0x00000000d7100000)
  object space 82944K, 15% used [0x0000000085200000,0x0000000085ed9a38,0x000000008a300000)
 Metaspace       used 40746K, capacity 41222K, committed 41688K, reserved 1085440K
  class space    used 5633K, capacity 5764K, committed 5888K, reserved 1048576K
Event: 20.410 GC heap after
Heap after GC invocations=10 (full 2):
 PSYoungGen      total 148992K, used 7847K [0x00000000d7100000, 0x00000000e1b80000, 0x0000000100000000)
  eden space 140800K, 0% used [0x00000000d7100000,0x00000000d7100000,0x00000000dfa80000)
  from space 8192K, 95% used [0x00000000e1380000,0x00000000e1b29da0,0x00000000e1b80000)
  to   space 10240K, 0% used [0x00000000e0780000,0x00000000e0780000,0x00000000e1180000)
 ParOldGen       total 82944K, used 13166K [0x0000000085200000, 0x000000008a300000, 0x00000000d7100000)
  object space 82944K, 15% used [0x0000000085200000,0x0000000085edba38,0x000000008a300000)
 Metaspace       used 40746K, capacity 41222K, committed 41688K, reserved 1085440K
  class space    used 5633K, capacity 5764K, committed 5888K, reserved 1048576K
}
Event: 21.069 GC heap before
{Heap before GC invocations=11 (full 2):
 PSYoungGen      total 148992K, used 148647K [0x00000000d7100000, 0x00000000e1b80000, 0x0000000100000000)
  eden space 140800K, 100% used [0x00000000d7100000,0x00000000dfa80000,0x00000000dfa80000)
  from space 8192K, 95% used [0x00000000e1380000,0x00000000e1b29da0,0x00000000e1b80000)
  to   space 10240K, 0% used [0x00000000e0780000,0x00000000e0780000,0x00000000e1180000)
 ParOldGen       total 82944K, used 13166K [0x0000000085200000, 0x000000008a300000, 0x00000000d7100000)
  object space 82944K, 15% used [0x0000000085200000,0x0000000085edba38,0x000000008a300000)
 Metaspace       used 42306K, capacity 42762K, committed 43096K, reserved 1087488K
  class space    used 5831K, capacity 5994K, committed 6016K, reserved 1048576K
Event: 21.081 GC heap after
Heap after GC invocations=11 (full 2):
 PSYoungGen      total 164352K, used 7735K [0x00000000d7100000, 0x00000000e3100000, 0x0000000100000000)
  eden space 154112K, 0% used [0x00000000d7100000,0x00000000d7100000,0x00000000e0780000)
  from space 10240K, 75% used [0x00000000e0780000,0x00000000e0f0dd08,0x00000000e1180000)
  to   space 10240K, 0% used [0x00000000e2700000,0x00000000e2700000,0x00000000e3100000)
 ParOldGen       total 82944K, used 13174K [0x0000000085200000, 0x000000008a300000, 0x00000000d7100000)
  object space 82944K, 15% used [0x0000000085200000,0x0000000085edda38,0x000000008a300000)
 Metaspace       used 42306K, capacity 42762K, committed 43096K, reserved 1087488K
  class space    used 5831K, capacity 5994K, committed 6016K, reserved 1048576K
}
Event: 27.727 GC heap before
{Heap before GC invocations=12 (full 2):
 PSYoungGen      total 164352K, used 161847K [0x00000000d7100000, 0x00000000e3100000, 0x0000000100000000)
  eden space 154112K, 100% used [0x00000000d7100000,0x00000000e0780000,0x00000000e0780000)
  from space 10240K, 75% used [0x00000000e0780000,0x00000000e0f0dd08,0x00000000e1180000)
  to   space 10240K, 0% used [0x00000000e2700000,0x00000000e2700000,0x00000000e3100000)
 ParOldGen       total 82944K, used 13174K [0x0000000085200000, 0x000000008a300000, 0x00000000d7100000)
  object space 82944K, 15% used [0x0000000085200000,0x0000000085edda38,0x000000008a300000)
 Metaspace       used 51016K, capacity 51504K, committed 52056K, reserved 1093632K
  class space    used 6856K, capacity 7003K, committed 7040K, reserved 1048576K
Event: 27.753 GC heap after
Heap after GC invocations=12 (full 2):
 PSYoungGen      total 183808K, used 10228K [0x00000000d7100000, 0x00000000e4180000, 0x0000000100000000)
  eden space 173568K, 0% used [0x00000000d7100000,0x00000000d7100000,0x00000000e1a80000)
  from space 10240K, 99% used [0x00000000e2700000,0x00000000e30fd0e8,0x00000000e3100000)
  to   space 12800K, 0% used [0x00000000e1a80000,0x00000000e1a80000,0x00000000e2700000)
 ParOldGen       total 82944K, used 17323K [0x0000000085200000, 0x000000008a300000, 0x00000000d7100000)
  object space 82944K, 20% used [0x0000000085200000,0x00000000862eac18,0x000000008a300000)
 Metaspace       used 51016K, capacity 51504K, committed 52056K, reserved 1093632K
  class space    used 6856K, capacity 7003K, committed 7040K, reserved 1048576K
}
Event: 32.718 GC heap before
{Heap before GC invocations=13 (full 2):
 PSYoungGen      total 183808K, used 131265K [0x00000000d7100000, 0x00000000e4180000, 0x0000000100000000)
  eden space 173568K, 69% used [0x00000000d7100000,0x00000000de733478,0x00000000e1a80000)
  from space 10240K, 99% used [0x00000000e2700000,0x00000000e30fd0e8,0x00000000e3100000)
  to   space 12800K, 0% used [0x00000000e1a80000,0x00000000e1a80000,0x00000000e2700000)
 ParOldGen       total 82944K, used 17323K [0x0000000085200000, 0x000000008a300000, 0x00000000d7100000)
  object space 82944K, 20% used [0x0000000085200000,0x00000000862eac18,0x000000008a300000)
 Metaspace       used 57872K, capacity 58374K, committed 58968K, reserved 1099776K
  class space    used 7788K, capacity 7940K, committed 8064K, reserved 1048576K
Event: 32.737 GC heap after
Heap after GC invocations=13 (full 2):
 PSYoungGen      total 186368K, used 12784K [0x00000000d7100000, 0x00000000e5a80000, 0x0000000100000000)
  eden space 173568K, 0% used [0x00000000d7100000,0x00000000d7100000,0x00000000e1a80000)
  from space 12800K, 99% used [0x00000000e1a80000,0x00000000e26fc1d8,0x00000000e2700000)
  to   space 16384K, 0% used [0x00000000e4a80000,0x00000000e4a80000,0x00000000e5a80000)
 ParOldGen       total 82944K, used 22732K [0x0000000085200000, 0x000000008a300000, 0x00000000d7100000)
  object space 82944K, 27% used [0x0000000085200000,0x00000000868330f8,0x000000008a300000)
 Metaspace       used 57872K, capacity 58374K, committed 58968K, reserved 1099776K
  class space    used 7788K, capacity 7940K, committed 8064K, reserved 1048576K
}
Event: 32.737 GC heap before
{Heap before GC invocations=14 (full 3):
 PSYoungGen      total 186368K, used 12784K [0x00000000d7100000, 0x00000000e5a80000, 0x0000000100000000)
  eden space 173568K, 0% used [0x00000000d7100000,0x00000000d7100000,0x00000000e1a80000)
  from space 12800K, 99% used [0x00000000e1a80000,0x00000000e26fc1d8,0x00000000e2700000)
  to   space 16384K, 0% used [0x00000000e4a80000,0x00000000e4a80000,0x00000000e5a80000)
 ParOldGen       total 82944K, used 22732K [0x0000000085200000, 0x000000008a300000, 0x00000000d7100000)
  object space 82944K, 27% used [0x0000000085200000,0x00000000868330f8,0x000000008a300000)
 Metaspace       used 57872K, capacity 58374K, committed 58968K, reserved 1099776K
  class space    used 7788K, capacity 7940K, committed 8064K, reserved 1048576K
Event: 32.899 GC heap after
Heap after GC invocations=14 (full 3):
 PSYoungGen      total 186368K, used 0K [0x00000000d7100000, 0x00000000e5a80000, 0x0000000100000000)
  eden space 173568K, 0% used [0x00000000d7100000,0x00000000d7100000,0x00000000e1a80000)
  from space 12800K, 0% used [0x00000000e1a80000,0x00000000e1a80000,0x00000000e2700000)
  to   space 16384K, 0% used [0x00000000e4a80000,0x00000000e4a80000,0x00000000e5a80000)
 ParOldGen       total 127488K, used 29682K [0x0000000085200000, 0x000000008ce80000, 0x00000000d7100000)
  object space 127488K, 23% used [0x0000000085200000,0x0000000086efc8e8,0x000000008ce80000)
 Metaspace       used 57872K, capacity 58374K, committed 58968K, reserved 1099776K
  class space    used 7788K, capacity 7940K, committed 8064K, reserved 1048576K
}

